[=== Module anaconda/3 loaded ===]
Traceback (most recent call last):
  File "/network/scratch/g/guangyuan.wang/fisher_random_walk/Coding/exp_sec_61.py", line 290, in <module>
    r_hat_d, ci_lower, ci_upper, ci_length = compute_influence_and_ci(X, Y1, Y2, Z, r_hat_fn, g_net, args.n)
  File "/network/scratch/g/guangyuan.wang/fisher_random_walk/Coding/exp_sec_61.py", line 178, in compute_influence_and_ci
    r_int = torch.mean(r_hat_fn(X_e.reshape(n*m_pi_e, d), Z_e.reshape(n*m_pi_e, d)).reshape(n, m_pi_e), dim=1)
  File "/network/scratch/g/guangyuan.wang/fisher_random_walk/Coding/exp_sec_61.py", line 99, in centered_reward
    raw_r_mc = r_net(torch.cat([X_mc_expanded, Y_mc], dim=-1))
  File "/network/scratch/g/guangyuan.wang/fisher_random_walk/condaenv/lib/python3.10/site-packages/torch/nn/modules/module.py", line 1779, in _wrapped_call_impl
    return self._call_impl(*args, **kwargs)
  File "/network/scratch/g/guangyuan.wang/fisher_random_walk/condaenv/lib/python3.10/site-packages/torch/nn/modules/module.py", line 1790, in _call_impl
    return forward_call(*args, **kwargs)
  File "/network/scratch/g/guangyuan.wang/fisher_random_walk/Coding/exp_sec_61.py", line 33, in forward
    return self.net(x).squeeze(-1)
  File "/network/scratch/g/guangyuan.wang/fisher_random_walk/condaenv/lib/python3.10/site-packages/torch/nn/modules/module.py", line 1779, in _wrapped_call_impl
    return self._call_impl(*args, **kwargs)
  File "/network/scratch/g/guangyuan.wang/fisher_random_walk/condaenv/lib/python3.10/site-packages/torch/nn/modules/module.py", line 1790, in _call_impl
    return forward_call(*args, **kwargs)
  File "/network/scratch/g/guangyuan.wang/fisher_random_walk/condaenv/lib/python3.10/site-packages/torch/nn/modules/container.py", line 253, in forward
    input = module(input)
  File "/network/scratch/g/guangyuan.wang/fisher_random_walk/condaenv/lib/python3.10/site-packages/torch/nn/modules/module.py", line 1779, in _wrapped_call_impl
    return self._call_impl(*args, **kwargs)
  File "/network/scratch/g/guangyuan.wang/fisher_random_walk/condaenv/lib/python3.10/site-packages/torch/nn/modules/module.py", line 1790, in _call_impl
    return forward_call(*args, **kwargs)
  File "/network/scratch/g/guangyuan.wang/fisher_random_walk/condaenv/lib/python3.10/site-packages/torch/nn/modules/linear.py", line 134, in forward
    return F.linear(input, self.weight, self.bias)
torch.OutOfMemoryError: CUDA out of memory. Tried to allocate 11.92 GiB. GPU 0 has a total capacity of 44.64 GiB of which 7.87 GiB is free. Process 3015816 has 22.10 GiB memory in use. Including non-PyTorch memory, this process has 14.65 GiB memory in use. Of the allocated memory 14.12 GiB is allocated by PyTorch, and 29.24 MiB is reserved by PyTorch but unallocated. If reserved but unallocated memory is large try setting PYTORCH_CUDA_ALLOC_CONF=expandable_segments:True to avoid fragmentation.  See documentation for Memory Management  (https://docs.pytorch.org/docs/stable/notes/cuda.html#optimizing-memory-usage-with-pytorch-cuda-alloc-conf)

======== GPU REPORT ========

==============NVSMI LOG==============

Timestamp                                 : Wed Apr 29 22:16:17 2026
Driver Version                            : 580.95.05
CUDA Version                              : 13.0

Attached GPUs                             : 1
GPU 00000000:CA:00.0
    Accounting Mode                       : Enabled
    Accounting Mode Buffer Size           : 4000
    Accounted Processes
        Process ID                        : 3016239
            GPU Utilization               : 44 %
            Memory Utilization            : 40 %
            Max memory usage              : 19736 MiB
            Time                          : 40132 ms
            Is Running                    : 0
        Process ID                        : 3015816
            GPU Utilization               : 69 %
            Memory Utilization            : 66 %
            Max memory usage              : 22634 MiB
            Time                          : 0 ms
            Is Running                    : 1

Wed Apr 29 22:16:17 2026       
+-----------------------------------------------------------------------------------------+
| NVIDIA-SMI 580.95.05              Driver Version: 580.95.05      CUDA Version: 13.0     |
+-----------------------------------------+------------------------+----------------------+
| GPU  Name                 Persistence-M | Bus-Id          Disp.A | Volatile Uncorr. ECC |
| Fan  Temp   Perf          Pwr:Usage/Cap |           Memory-Usage | GPU-Util  Compute M. |
|                                         |                        |               MIG M. |
|=========================================+========================+======================|
|   0  NVIDIA L40S                    On  |   00000000:CA:00.0 Off |                    0 |
| N/A   52C    P0            286W /  325W |   22641MiB /  46068MiB |    100%      Default |
|                                         |                        |                  N/A |
+-----------------------------------------+------------------------+----------------------+

+-----------------------------------------------------------------------------------------+
| Processes:                                                                              |
|  GPU   GI   CI              PID   Type   Process name                        GPU Memory |
|        ID   ID                                                               Usage      |
|=========================================================================================|
|    0   N/A  N/A         3015816      C   ...e3/envs/decompdiff/bin/python      22634MiB |
+-----------------------------------------------------------------------------------------+
