[=== Module anaconda/3 loaded ===]
=== Starting Section 6.2 | n=500, seed=3 ===
Generating data...
Training Reward Estimator...
Training Green Density Estimator...
Evaluating Fenchel Duality Grid. Saving to ./results_sec_62/results_62_n500_s3.csv...
  r=0.1, kl         | Err: 5.5334 | Cov: 0
  r=0.1, chi2       | Err: 3.4993 | Cov: 0
  r=0.1, tsallis-5  | Err: 0.0115 | Cov: 1
  r=0.1, tsallis-10 | Err: 0.0032 | Cov: 1
  r=0.2, kl         | Err: 5.7231 | Cov: 0
  r=0.2, chi2       | Err: 4.0032 | Cov: 0
  r=0.2, tsallis-5  | Err: 0.0034 | Cov: 1
  r=0.2, tsallis-10 | Err: 0.0116 | Cov: 1
  r=0.3, kl         | Err: 5.8056 | Cov: 0
  r=0.3, chi2       | Err: 4.4486 | Cov: 0
  r=0.3, tsallis-5  | Err: 0.0110 | Cov: 1
  r=0.3, tsallis-10 | Err: 0.0087 | Cov: 1
  r=0.4, kl         | Err: nan | Cov: 0
  r=0.4, chi2       | Err: 4.8209 | Cov: 0
  r=0.4, tsallis-5  | Err: 0.0127 | Cov: 1
  r=0.4, tsallis-10 | Err: 0.0050 | Cov: 1
  r=0.5, kl         | Err: nan | Cov: 0
  r=0.5, chi2       | Err: 5.0832 | Cov: 0
  r=0.5, tsallis-5  | Err: 0.0024 | Cov: 1
  r=0.5, tsallis-10 | Err: 0.0046 | Cov: 1
  r=0.6, kl         | Err: nan | Cov: 0
  r=0.6, chi2       | Err: 5.4505 | Cov: 0
  r=0.6, tsallis-5  | Err: 0.0036 | Cov: 1
  r=0.6, tsallis-10 | Err: 0.0017 | Cov: 1
  r=0.7, kl         | Err: nan | Cov: 0
  r=0.7, chi2       | Err: 5.5227 | Cov: 0
  r=0.7, tsallis-5  | Err: 0.0011 | Cov: 1
  r=0.7, tsallis-10 | Err: 0.0397 | Cov: 1
  r=0.8, kl         | Err: nan | Cov: 0
  r=0.8, chi2       | Err: 5.6743 | Cov: 0
  r=0.8, tsallis-5  | Err: 0.0273 | Cov: 1
  r=0.8, tsallis-10 | Err: 0.0223 | Cov: 1
  r=0.9, kl         | Err: nan | Cov: 0
  r=0.9, chi2       | Err: 5.7569 | Cov: 0
  r=0.9, tsallis-5  | Err: 0.0024 | Cov: 1
  r=0.9, tsallis-10 | Err: 0.0213 | Cov: 1
  r=1.0, kl         | Err: nan | Cov: 0
  r=1.0, chi2       | Err: 5.7199 | Cov: 0
  r=1.0, tsallis-5  | Err: 0.1249 | Cov: 1
  r=1.0, tsallis-10 | Err: 0.0298 | Cov: 1

======== GPU REPORT ========

==============NVSMI LOG==============

Timestamp                                 : Wed Apr 29 22:15:52 2026
Driver Version                            : 580.95.05
CUDA Version                              : 13.0

Attached GPUs                             : 1
GPU 00000000:C1:00.0
    Accounting Mode                       : Enabled
    Accounting Mode Buffer Size           : 4000
    Accounted Processes
        Process ID                        : 2205679
            GPU Utilization               : 53 %
            Memory Utilization            : 18 %
            Max memory usage              : 18906 MiB
            Time                          : 13061 ms
            Is Running                    : 0

Wed Apr 29 22:15:52 2026       
+-----------------------------------------------------------------------------------------+
| NVIDIA-SMI 580.95.05              Driver Version: 580.95.05      CUDA Version: 13.0     |
+-----------------------------------------+------------------------+----------------------+
| GPU  Name                 Persistence-M | Bus-Id          Disp.A | Volatile Uncorr. ECC |
| Fan  Temp   Perf          Pwr:Usage/Cap |           Memory-Usage | GPU-Util  Compute M. |
|                                         |                        |               MIG M. |
|=========================================+========================+======================|
|   0  NVIDIA A100-SXM4-80GB          On  |   00000000:C1:00.0 Off |                    0 |
| N/A   33C    P0            114W /  500W |       0MiB /  81920MiB |      0%      Default |
|                                         |                        |             Disabled |
+-----------------------------------------+------------------------+----------------------+

+-----------------------------------------------------------------------------------------+
| Processes:                                                                              |
|  GPU   GI   CI              PID   Type   Process name                        GPU Memory |
|        ID   ID                                                               Usage      |
|=========================================================================================|
|  No running processes found                                                             |
+-----------------------------------------------------------------------------------------+
