[=== Module anaconda/3 loaded ===]
=== Starting Section 6.2 | n=2000, seed=7 ===
Generating data...
Training Reward Estimator...
Training Green Density Estimator...
Evaluating Fenchel Duality Grid. Saving to ./results_sec_62/results_62_n2000_s7.csv...
  r=0.1, kl         | Err: 7.6405 | Cov: 0
  r=0.1, chi2       | Err: 5.1323 | Cov: 0
  r=0.1, tsallis-5  | Err: 0.0126 | Cov: 0
  r=0.1, tsallis-10 | Err: 0.0060 | Cov: 1
  r=0.2, kl         | Err: 7.7434 | Cov: 0
  r=0.2, chi2       | Err: 5.8642 | Cov: 0
  r=0.2, tsallis-5  | Err: 0.0037 | Cov: 1
  r=0.2, tsallis-10 | Err: 0.0002 | Cov: 1
  r=0.3, kl         | Err: nan | Cov: 0
  r=0.3, chi2       | Err: 6.4831 | Cov: 0
  r=0.3, tsallis-5  | Err: 0.0040 | Cov: 1
  r=0.3, tsallis-10 | Err: 0.0056 | Cov: 1
  r=0.4, kl         | Err: nan | Cov: 0
  r=0.4, chi2       | Err: 6.9956 | Cov: 0
  r=0.4, tsallis-5  | Err: 0.0110 | Cov: 1
  r=0.4, tsallis-10 | Err: 0.0103 | Cov: 1
  r=0.5, kl         | Err: nan | Cov: 0
  r=0.5, chi2       | Err: 7.3847 | Cov: 0
  r=0.5, tsallis-5  | Err: 0.0074 | Cov: 1
  r=0.5, tsallis-10 | Err: 0.0190 | Cov: 1
  r=0.6, kl         | Err: nan | Cov: 0
  r=0.6, chi2       | Err: 7.5732 | Cov: 0
  r=0.6, tsallis-5  | Err: 0.0123 | Cov: 1
  r=0.6, tsallis-10 | Err: 0.0098 | Cov: 1
  r=0.7, kl         | Err: nan | Cov: 0
  r=0.7, chi2       | Err: 7.6890 | Cov: 0
  r=0.7, tsallis-5  | Err: 0.0439 | Cov: 1
  r=0.7, tsallis-10 | Err: 0.0683 | Cov: 1
  r=0.8, kl         | Err: nan | Cov: 0
  r=0.8, chi2       | Err: 7.7083 | Cov: 0
  r=0.8, tsallis-5  | Err: 0.2765 | Cov: 0
  r=0.8, tsallis-10 | Err: 0.0017 | Cov: 1
  r=0.9, kl         | Err: nan | Cov: 0
  r=0.9, chi2       | Err: 7.7090 | Cov: 0
  r=0.9, tsallis-5  | Err: 0.1404 | Cov: 1
  r=0.9, tsallis-10 | Err: 0.1626 | Cov: 1
  r=1.0, kl         | Err: nan | Cov: 0
  r=1.0, chi2       | Err: 7.6366 | Cov: 0
  r=1.0, tsallis-5  | Err: 1.1822 | Cov: 1
  r=1.0, tsallis-10 | Err: 0.4016 | Cov: 1

======== GPU REPORT ========

==============NVSMI LOG==============

Timestamp                                 : Wed Apr 29 22:17:11 2026
Driver Version                            : 580.95.05
CUDA Version                              : 13.0

Attached GPUs                             : 1
GPU 00000000:C1:00.0
    Accounting Mode                       : Enabled
    Accounting Mode Buffer Size           : 4000
    Accounted Processes
        Process ID                        : 1083652
            GPU Utilization               : 79 %
            Memory Utilization            : 29 %
            Max memory usage              : 73964 MiB
            Time                          : 33430 ms
            Is Running                    : 0

Wed Apr 29 22:17:11 2026       
+-----------------------------------------------------------------------------------------+
| NVIDIA-SMI 580.95.05              Driver Version: 580.95.05      CUDA Version: 13.0     |
+-----------------------------------------+------------------------+----------------------+
| GPU  Name                 Persistence-M | Bus-Id          Disp.A | Volatile Uncorr. ECC |
| Fan  Temp   Perf          Pwr:Usage/Cap |           Memory-Usage | GPU-Util  Compute M. |
|                                         |                        |               MIG M. |
|=========================================+========================+======================|
|   0  NVIDIA A100-SXM4-80GB          On  |   00000000:C1:00.0 Off |                    0 |
| N/A   37C    P0            118W /  500W |       0MiB /  81920MiB |     77%      Default |
|                                         |                        |             Disabled |
+-----------------------------------------+------------------------+----------------------+

+-----------------------------------------------------------------------------------------+
| Processes:                                                                              |
|  GPU   GI   CI              PID   Type   Process name                        GPU Memory |
|        ID   ID                                                               Usage      |
|=========================================================================================|
|  No running processes found                                                             |
+-----------------------------------------------------------------------------------------+
