[=== Module anaconda/3 loaded ===]
=== Starting Section 6.2 | n=500, seed=7 ===
Generating data...
Training Reward Estimator...
Training Green Density Estimator...
Evaluating Fenchel Duality Grid. Saving to ./results_sec_62/results_62_n500_s7.csv...
  r=0.1, kl         | Err: 5.5196 | Cov: 0
  r=0.1, chi2       | Err: 3.4821 | Cov: 0
  r=0.1, tsallis-5  | Err: 0.0015 | Cov: 1
  r=0.1, tsallis-10 | Err: 0.0092 | Cov: 1
  r=0.2, kl         | Err: 5.6930 | Cov: 0
  r=0.2, chi2       | Err: 3.9133 | Cov: 0
  r=0.2, tsallis-5  | Err: 0.0170 | Cov: 0
  r=0.2, tsallis-10 | Err: 0.0096 | Cov: 1
  r=0.3, kl         | Err: 5.6454 | Cov: 0
  r=0.3, chi2       | Err: 4.3795 | Cov: 0
  r=0.3, tsallis-5  | Err: 0.0031 | Cov: 1
  r=0.3, tsallis-10 | Err: 0.0163 | Cov: 1
  r=0.4, kl         | Err: nan | Cov: 0
  r=0.4, chi2       | Err: 4.7255 | Cov: 0
  r=0.4, tsallis-5  | Err: 0.0001 | Cov: 1
  r=0.4, tsallis-10 | Err: 0.0020 | Cov: 1
  r=0.5, kl         | Err: nan | Cov: 0
  r=0.5, chi2       | Err: 5.0202 | Cov: 0
  r=0.5, tsallis-5  | Err: 0.0045 | Cov: 1
  r=0.5, tsallis-10 | Err: 0.0023 | Cov: 1
  r=0.6, kl         | Err: nan | Cov: 0
  r=0.6, chi2       | Err: 5.3854 | Cov: 0
  r=0.6, tsallis-5  | Err: 0.0066 | Cov: 1
  r=0.6, tsallis-10 | Err: 0.0023 | Cov: 1
  r=0.7, kl         | Err: nan | Cov: 0
  r=0.7, chi2       | Err: 5.5390 | Cov: 0
  r=0.7, tsallis-5  | Err: 0.0580 | Cov: 0
  r=0.7, tsallis-10 | Err: 0.0051 | Cov: 1
  r=0.8, kl         | Err: nan | Cov: 0
  r=0.8, chi2       | Err: 5.6409 | Cov: 0
  r=0.8, tsallis-5  | Err: 0.0670 | Cov: 0
  r=0.8, tsallis-10 | Err: 0.0370 | Cov: 1
  r=0.9, kl         | Err: nan | Cov: 0
  r=0.9, chi2       | Err: 5.6897 | Cov: 0
  r=0.9, tsallis-5  | Err: 0.0192 | Cov: 1
  r=0.9, tsallis-10 | Err: 0.0157 | Cov: 1
  r=1.0, kl         | Err: nan | Cov: 0
  r=1.0, chi2       | Err: 5.6665 | Cov: 0
  r=1.0, tsallis-5  | Err: 0.0680 | Cov: 1
  r=1.0, tsallis-10 | Err: 0.1332 | Cov: 1

======== GPU REPORT ========

==============NVSMI LOG==============

Timestamp                                 : Wed Apr 29 22:15:53 2026
Driver Version                            : 580.95.05
CUDA Version                              : 13.0

Attached GPUs                             : 1
GPU 00000000:C1:00.0
    Accounting Mode                       : Enabled
    Accounting Mode Buffer Size           : 4000
    Accounted Processes
        Process ID                        : 1082086
            GPU Utilization               : 51 %
            Memory Utilization            : 18 %
            Max memory usage              : 18906 MiB
            Time                          : 14912 ms
            Is Running                    : 0

Wed Apr 29 22:15:53 2026       
+-----------------------------------------------------------------------------------------+
| NVIDIA-SMI 580.95.05              Driver Version: 580.95.05      CUDA Version: 13.0     |
+-----------------------------------------+------------------------+----------------------+
| GPU  Name                 Persistence-M | Bus-Id          Disp.A | Volatile Uncorr. ECC |
| Fan  Temp   Perf          Pwr:Usage/Cap |           Memory-Usage | GPU-Util  Compute M. |
|                                         |                        |               MIG M. |
|=========================================+========================+======================|
|   0  NVIDIA A100-SXM4-80GB          On  |   00000000:C1:00.0 Off |                    0 |
| N/A   34C    P0            116W /  500W |       0MiB /  81920MiB |    100%      Default |
|                                         |                        |             Disabled |
+-----------------------------------------+------------------------+----------------------+

+-----------------------------------------------------------------------------------------+
| Processes:                                                                              |
|  GPU   GI   CI              PID   Type   Process name                        GPU Memory |
|        ID   ID                                                               Usage      |
|=========================================================================================|
|  No running processes found                                                             |
+-----------------------------------------------------------------------------------------+
