[=== Module anaconda/3 loaded ===]
=== Starting Section 6.2 | n=500, seed=9 ===
Generating data...
Training Reward Estimator...
Training Green Density Estimator...
Evaluating Fenchel Duality Grid. Saving to ./results_sec_62/results_62_n500_s9.csv...
  r=0.1, kl         | Err: 5.0123 | Cov: 0
  r=0.1, chi2       | Err: 3.0961 | Cov: 0
  r=0.1, tsallis-5  | Err: 0.0023 | Cov: 1
  r=0.1, tsallis-10 | Err: 0.0065 | Cov: 1
  r=0.2, kl         | Err: 5.1004 | Cov: 0
  r=0.2, chi2       | Err: 3.5475 | Cov: 0
  r=0.2, tsallis-5  | Err: 0.0089 | Cov: 1
  r=0.2, tsallis-10 | Err: 0.0097 | Cov: 1
  r=0.3, kl         | Err: 5.2370 | Cov: 0
  r=0.3, chi2       | Err: 3.9301 | Cov: 0
  r=0.3, tsallis-5  | Err: 0.0081 | Cov: 1
  r=0.3, tsallis-10 | Err: 0.0087 | Cov: 1
  r=0.4, kl         | Err: nan | Cov: 0
  r=0.4, chi2       | Err: 4.2962 | Cov: 0
  r=0.4, tsallis-5  | Err: 0.0136 | Cov: 1
  r=0.4, tsallis-10 | Err: 0.0076 | Cov: 1
  r=0.5, kl         | Err: nan | Cov: 0
  r=0.5, chi2       | Err: 4.5900 | Cov: 0
  r=0.5, tsallis-5  | Err: 0.0025 | Cov: 1
  r=0.5, tsallis-10 | Err: 0.0033 | Cov: 1
  r=0.6, kl         | Err: nan | Cov: 0
  r=0.6, chi2       | Err: 4.8879 | Cov: 0
  r=0.6, tsallis-5  | Err: 0.0099 | Cov: 1
  r=0.6, tsallis-10 | Err: 0.0013 | Cov: 1
  r=0.7, kl         | Err: nan | Cov: 0
  r=0.7, chi2       | Err: 5.0502 | Cov: 0
  r=0.7, tsallis-5  | Err: 0.0069 | Cov: 1
  r=0.7, tsallis-10 | Err: 0.0076 | Cov: 1
  r=0.8, kl         | Err: nan | Cov: 0
  r=0.8, chi2       | Err: 5.0379 | Cov: 0
  r=0.8, tsallis-5  | Err: 0.0012 | Cov: 1
  r=0.8, tsallis-10 | Err: 0.0038 | Cov: 1
  r=0.9, kl         | Err: nan | Cov: 0
  r=0.9, chi2       | Err: 5.1945 | Cov: 0
  r=0.9, tsallis-5  | Err: 0.0487 | Cov: 1
  r=0.9, tsallis-10 | Err: 0.0260 | Cov: 1
  r=1.0, kl         | Err: nan | Cov: 0
  r=1.0, chi2       | Err: 5.1877 | Cov: 0
  r=1.0, tsallis-5  | Err: 0.0193 | Cov: 1
  r=1.0, tsallis-10 | Err: 0.0330 | Cov: 1

======== GPU REPORT ========

==============NVSMI LOG==============

Timestamp                                 : Wed Apr 29 22:16:57 2026
Driver Version                            : 580.95.05
CUDA Version                              : 13.0

Attached GPUs                             : 1
GPU 00000000:A3:00.0
    Accounting Mode                       : Enabled
    Accounting Mode Buffer Size           : 4000
    Accounted Processes
        Process ID                        : 1298777
            GPU Utilization               : 56 %
            Memory Utilization            : 42 %
            Max memory usage              : 18720 MiB
            Time                          : 19328 ms
            Is Running                    : 0

Wed Apr 29 22:16:57 2026       
+-----------------------------------------------------------------------------------------+
| NVIDIA-SMI 580.95.05              Driver Version: 580.95.05      CUDA Version: 13.0     |
+-----------------------------------------+------------------------+----------------------+
| GPU  Name                 Persistence-M | Bus-Id          Disp.A | Volatile Uncorr. ECC |
| Fan  Temp   Perf          Pwr:Usage/Cap |           Memory-Usage | GPU-Util  Compute M. |
|                                         |                        |               MIG M. |
|=========================================+========================+======================|
|   0  NVIDIA RTX A6000               On  |   00000000:A3:00.0 Off |                    0 |
| 30%   51C    P2            183W /  300W |       1MiB /  46068MiB |      0%      Default |
|                                         |                        |                  N/A |
+-----------------------------------------+------------------------+----------------------+

+-----------------------------------------------------------------------------------------+
| Processes:                                                                              |
|  GPU   GI   CI              PID   Type   Process name                        GPU Memory |
|        ID   ID                                                               Usage      |
|=========================================================================================|
|  No running processes found                                                             |
+-----------------------------------------------------------------------------------------+
