[=== Module anaconda/3 loaded ===]
=== Starting Section 6.2 | n=1000, seed=3 ===
Generating data...
Training Reward Estimator...
Training Green Density Estimator...
Evaluating Fenchel Duality Grid. Saving to ./results_sec_62/results_62_n1000_s3.csv...
  r=0.1, kl         | Err: 6.2562 | Cov: 0
  r=0.1, chi2       | Err: 3.9960 | Cov: 0
  r=0.1, tsallis-5  | Err: 0.0065 | Cov: 1
  r=0.1, tsallis-10 | Err: 0.0015 | Cov: 1
  r=0.2, kl         | Err: 6.2916 | Cov: 0
  r=0.2, chi2       | Err: 4.5690 | Cov: 0
  r=0.2, tsallis-5  | Err: 0.0024 | Cov: 1
  r=0.2, tsallis-10 | Err: 0.0096 | Cov: 1
  r=0.3, kl         | Err: nan | Cov: 0
  r=0.3, chi2       | Err: 5.1095 | Cov: 0
  r=0.3, tsallis-5  | Err: 0.0024 | Cov: 1
  r=0.3, tsallis-10 | Err: 0.0009 | Cov: 1
  r=0.4, kl         | Err: nan | Cov: 0
  r=0.4, chi2       | Err: 5.5301 | Cov: 0
  r=0.4, tsallis-5  | Err: 0.0032 | Cov: 1
  r=0.4, tsallis-10 | Err: 0.0151 | Cov: 1
  r=0.5, kl         | Err: nan | Cov: 0
  r=0.5, chi2       | Err: 5.8584 | Cov: 0
  r=0.5, tsallis-5  | Err: 0.0031 | Cov: 1
  r=0.5, tsallis-10 | Err: 0.0081 | Cov: 1
  r=0.6, kl         | Err: nan | Cov: 0
  r=0.6, chi2       | Err: 6.1833 | Cov: 0
  r=0.6, tsallis-5  | Err: 0.0078 | Cov: 1
  r=0.6, tsallis-10 | Err: 0.0083 | Cov: 1
  r=0.7, kl         | Err: nan | Cov: 0
  r=0.7, chi2       | Err: 6.2798 | Cov: 0
  r=0.7, tsallis-5  | Err: 0.0028 | Cov: 1
  r=0.7, tsallis-10 | Err: 0.0076 | Cov: 1
  r=0.8, kl         | Err: nan | Cov: 0
  r=0.8, chi2       | Err: 6.3376 | Cov: 0
  r=0.8, tsallis-5  | Err: 0.0387 | Cov: 1
  r=0.8, tsallis-10 | Err: 0.0586 | Cov: 1
  r=0.9, kl         | Err: nan | Cov: 0
  r=0.9, chi2       | Err: 6.3430 | Cov: 0
  r=0.9, tsallis-5  | Err: 0.1282 | Cov: 1
  r=0.9, tsallis-10 | Err: 0.2040 | Cov: 1
  r=1.0, kl         | Err: nan | Cov: 0
  r=1.0, chi2       | Err: 6.2927 | Cov: 0
  r=1.0, tsallis-5  | Err: 0.0285 | Cov: 1
  r=1.0, tsallis-10 | Err: 0.3005 | Cov: 1

======== GPU REPORT ========

==============NVSMI LOG==============

Timestamp                                 : Wed Apr 29 22:16:58 2026
Driver Version                            : 580.95.05
CUDA Version                              : 13.0

Attached GPUs                             : 1
GPU 00000000:61:00.0
    Accounting Mode                       : Enabled
    Accounting Mode Buffer Size           : 4000
    Accounted Processes
        Process ID                        : 3712025
            GPU Utilization               : 68 %
            Memory Utilization            : 58 %
            Max memory usage              : 37264 MiB
            Time                          : 22869 ms
            Is Running                    : 0

Wed Apr 29 22:16:58 2026       
+-----------------------------------------------------------------------------------------+
| NVIDIA-SMI 580.95.05              Driver Version: 580.95.05      CUDA Version: 13.0     |
+-----------------------------------------+------------------------+----------------------+
| GPU  Name                 Persistence-M | Bus-Id          Disp.A | Volatile Uncorr. ECC |
| Fan  Temp   Perf          Pwr:Usage/Cap |           Memory-Usage | GPU-Util  Compute M. |
|                                         |                        |               MIG M. |
|=========================================+========================+======================|
|   0  NVIDIA L40S                    On  |   00000000:61:00.0 Off |                    0 |
| N/A   44C    P0            122W /  325W |       0MiB /  46068MiB |    100%      Default |
|                                         |                        |                  N/A |
+-----------------------------------------+------------------------+----------------------+

+-----------------------------------------------------------------------------------------+
| Processes:                                                                              |
|  GPU   GI   CI              PID   Type   Process name                        GPU Memory |
|        ID   ID                                                               Usage      |
|=========================================================================================|
|  No running processes found                                                             |
+-----------------------------------------------------------------------------------------+
