[=== Module anaconda/3 loaded ===]
=== Starting Section 6.2 | n=500, seed=4 ===
Generating data...
Training Reward Estimator...
Training Green Density Estimator...
Evaluating Fenchel Duality Grid. Saving to ./results_sec_62/results_62_n500_s4.csv...
  r=0.1, kl         | Err: 4.8575 | Cov: 0
  r=0.1, chi2       | Err: 3.0115 | Cov: 0
  r=0.1, tsallis-5  | Err: 0.0136 | Cov: 1
  r=0.1, tsallis-10 | Err: 0.0003 | Cov: 1
  r=0.2, kl         | Err: 5.0085 | Cov: 0
  r=0.2, chi2       | Err: 3.4778 | Cov: 0
  r=0.2, tsallis-5  | Err: 0.0007 | Cov: 1
  r=0.2, tsallis-10 | Err: 0.0090 | Cov: 1
  r=0.3, kl         | Err: 5.1024 | Cov: 0
  r=0.3, chi2       | Err: 3.8153 | Cov: 0
  r=0.3, tsallis-5  | Err: 0.0229 | Cov: 0
  r=0.3, tsallis-10 | Err: 0.0035 | Cov: 1
  r=0.4, kl         | Err: nan | Cov: 0
  r=0.4, chi2       | Err: 4.1773 | Cov: 0
  r=0.4, tsallis-5  | Err: 0.0036 | Cov: 1
  r=0.4, tsallis-10 | Err: 0.0106 | Cov: 1
  r=0.5, kl         | Err: nan | Cov: 0
  r=0.5, chi2       | Err: 4.4903 | Cov: 0
  r=0.5, tsallis-5  | Err: 0.0029 | Cov: 1
  r=0.5, tsallis-10 | Err: 0.0141 | Cov: 1
  r=0.6, kl         | Err: nan | Cov: 0
  r=0.6, chi2       | Err: 4.7321 | Cov: 0
  r=0.6, tsallis-5  | Err: 0.0042 | Cov: 1
  r=0.6, tsallis-10 | Err: 0.0135 | Cov: 1
  r=0.7, kl         | Err: nan | Cov: 0
  r=0.7, chi2       | Err: 4.9467 | Cov: 0
  r=0.7, tsallis-5  | Err: 0.0009 | Cov: 1
  r=0.7, tsallis-10 | Err: 0.0185 | Cov: 1
  r=0.8, kl         | Err: nan | Cov: 0
  r=0.8, chi2       | Err: 5.0143 | Cov: 0
  r=0.8, tsallis-5  | Err: 0.0303 | Cov: 1
  r=0.8, tsallis-10 | Err: 0.0149 | Cov: 1
  r=0.9, kl         | Err: nan | Cov: 0
  r=0.9, chi2       | Err: 5.0554 | Cov: 0
  r=0.9, tsallis-5  | Err: 0.0141 | Cov: 1
  r=0.9, tsallis-10 | Err: 0.0003 | Cov: 1
  r=1.0, kl         | Err: nan | Cov: 0
  r=1.0, chi2       | Err: 5.0686 | Cov: 0
  r=1.0, tsallis-5  | Err: 0.1561 | Cov: 0
  r=1.0, tsallis-10 | Err: 0.0102 | Cov: 1

======== GPU REPORT ========

==============NVSMI LOG==============

Timestamp                                 : Wed Apr 29 22:15:53 2026
Driver Version                            : 580.95.05
CUDA Version                              : 13.0

Attached GPUs                             : 1
GPU 00000000:01:00.0
    Accounting Mode                       : Enabled
    Accounting Mode Buffer Size           : 4000
    Accounted Processes
        Process ID                        : 1082261
            GPU Utilization               : 47 %
            Memory Utilization            : 16 %
            Max memory usage              : 18906 MiB
            Time                          : 14776 ms
            Is Running                    : 0

Wed Apr 29 22:15:54 2026       
+-----------------------------------------------------------------------------------------+
| NVIDIA-SMI 580.95.05              Driver Version: 580.95.05      CUDA Version: 13.0     |
+-----------------------------------------+------------------------+----------------------+
| GPU  Name                 Persistence-M | Bus-Id          Disp.A | Volatile Uncorr. ECC |
| Fan  Temp   Perf          Pwr:Usage/Cap |           Memory-Usage | GPU-Util  Compute M. |
|                                         |                        |               MIG M. |
|=========================================+========================+======================|
|   0  NVIDIA A100-SXM4-80GB          On  |   00000000:01:00.0 Off |                    0 |
| N/A   37C    P0            115W /  500W |       0MiB /  81920MiB |    100%      Default |
|                                         |                        |             Disabled |
+-----------------------------------------+------------------------+----------------------+

+-----------------------------------------------------------------------------------------+
| Processes:                                                                              |
|  GPU   GI   CI              PID   Type   Process name                        GPU Memory |
|        ID   ID                                                               Usage      |
|=========================================================================================|
|  No running processes found                                                             |
+-----------------------------------------------------------------------------------------+
