[=== Module anaconda/3 loaded ===]
=== Starting Section 6.2 | n=2000, seed=1 ===
Generating data...
Training Reward Estimator...
Training Green Density Estimator...
Evaluating Fenchel Duality Grid. Saving to ./results_sec_62/results_62_n2000_s1.csv...
  r=0.1, kl         | Err: 7.8075 | Cov: 0
  r=0.1, chi2       | Err: 5.2637 | Cov: 0
  r=0.1, tsallis-5  | Err: 0.0026 | Cov: 1
  r=0.1, tsallis-10 | Err: 0.0000 | Cov: 1
  r=0.2, kl         | Err: 7.8858 | Cov: 0
  r=0.2, chi2       | Err: 6.0058 | Cov: 0
  r=0.2, tsallis-5  | Err: 0.0037 | Cov: 1
  r=0.2, tsallis-10 | Err: 0.0145 | Cov: 0
  r=0.3, kl         | Err: nan | Cov: 0
  r=0.3, chi2       | Err: 6.6438 | Cov: 0
  r=0.3, tsallis-5  | Err: 0.0168 | Cov: 0
  r=0.3, tsallis-10 | Err: 0.0071 | Cov: 1
  r=0.4, kl         | Err: nan | Cov: 0
  r=0.4, chi2       | Err: 7.1280 | Cov: 0
  r=0.4, tsallis-5  | Err: 0.0170 | Cov: 0
  r=0.4, tsallis-10 | Err: 0.0008 | Cov: 1
  r=0.5, kl         | Err: nan | Cov: 0
  r=0.5, chi2       | Err: 7.6064 | Cov: 0
  r=0.5, tsallis-5  | Err: 0.0369 | Cov: 1
  r=0.5, tsallis-10 | Err: 0.0093 | Cov: 1
  r=0.6, kl         | Err: nan | Cov: 0
  r=0.6, chi2       | Err: 7.7162 | Cov: 0
  r=0.6, tsallis-5  | Err: 0.0234 | Cov: 1
  r=0.6, tsallis-10 | Err: 0.0227 | Cov: 1
  r=0.7, kl         | Err: nan | Cov: 0
  r=0.7, chi2       | Err: 7.8231 | Cov: 0
  r=0.7, tsallis-5  | Err: 0.0626 | Cov: 1
  r=0.7, tsallis-10 | Err: 0.0517 | Cov: 1
  r=0.8, kl         | Err: nan | Cov: 0
  r=0.8, chi2       | Err: 7.8593 | Cov: 0
  r=0.8, tsallis-5  | Err: 0.0038 | Cov: 1
  r=0.8, tsallis-10 | Err: 0.0418 | Cov: 1
  r=0.9, kl         | Err: nan | Cov: 0
  r=0.9, chi2       | Err: 7.8737 | Cov: 0
  r=0.9, tsallis-5  | Err: 0.2597 | Cov: 1
  r=0.9, tsallis-10 | Err: 0.1420 | Cov: 1
  r=1.0, kl         | Err: nan | Cov: 0
  r=1.0, chi2       | Err: 7.9048 | Cov: 0
  r=1.0, tsallis-5  | Err: 0.2492 | Cov: 1
  r=1.0, tsallis-10 | Err: 0.0536 | Cov: 1

======== GPU REPORT ========

==============NVSMI LOG==============

Timestamp                                 : Wed Apr 29 22:17:12 2026
Driver Version                            : 580.95.05
CUDA Version                              : 13.0

Attached GPUs                             : 1
GPU 00000000:01:00.0
    Accounting Mode                       : Enabled
    Accounting Mode Buffer Size           : 4000
    Accounted Processes
        Process ID                        : 617377
            GPU Utilization               : 77 %
            Memory Utilization            : 28 %
            Max memory usage              : 73964 MiB
            Time                          : 33445 ms
            Is Running                    : 0

Wed Apr 29 22:17:12 2026       
+-----------------------------------------------------------------------------------------+
| NVIDIA-SMI 580.95.05              Driver Version: 580.95.05      CUDA Version: 13.0     |
+-----------------------------------------+------------------------+----------------------+
| GPU  Name                 Persistence-M | Bus-Id          Disp.A | Volatile Uncorr. ECC |
| Fan  Temp   Perf          Pwr:Usage/Cap |           Memory-Usage | GPU-Util  Compute M. |
|                                         |                        |               MIG M. |
|=========================================+========================+======================|
|   0  NVIDIA A100-SXM4-80GB          On  |   00000000:01:00.0 Off |                    0 |
| N/A   43C    P0            121W /  500W |       0MiB /  81920MiB |    100%      Default |
|                                         |                        |             Disabled |
+-----------------------------------------+------------------------+----------------------+

+-----------------------------------------------------------------------------------------+
| Processes:                                                                              |
|  GPU   GI   CI              PID   Type   Process name                        GPU Memory |
|        ID   ID                                                               Usage      |
|=========================================================================================|
|  No running processes found                                                             |
+-----------------------------------------------------------------------------------------+
