[=== Module anaconda/3 loaded ===]
=== Starting Section 6.2 | n=1000, seed=8 ===
Generating data...
Training Reward Estimator...
Training Green Density Estimator...
Evaluating Fenchel Duality Grid. Saving to ./results_sec_62/results_62_n1000_s8.csv...
  r=0.1, kl         | Err: 6.3416 | Cov: 0
  r=0.1, chi2       | Err: 4.0559 | Cov: 0
  r=0.1, tsallis-5  | Err: 0.0051 | Cov: 1
  r=0.1, tsallis-10 | Err: 0.0031 | Cov: 1
  r=0.2, kl         | Err: 6.4670 | Cov: 0
  r=0.2, chi2       | Err: 4.6399 | Cov: 0
  r=0.2, tsallis-5  | Err: 0.0038 | Cov: 1
  r=0.2, tsallis-10 | Err: 0.0043 | Cov: 1
  r=0.3, kl         | Err: nan | Cov: 0
  r=0.3, chi2       | Err: 5.1900 | Cov: 0
  r=0.3, tsallis-5  | Err: 0.0003 | Cov: 1
  r=0.3, tsallis-10 | Err: 0.0071 | Cov: 1
  r=0.4, kl         | Err: nan | Cov: 0
  r=0.4, chi2       | Err: 5.6090 | Cov: 0
  r=0.4, tsallis-5  | Err: 0.0040 | Cov: 1
  r=0.4, tsallis-10 | Err: 0.0052 | Cov: 1
  r=0.5, kl         | Err: nan | Cov: 0
  r=0.5, chi2       | Err: 6.0134 | Cov: 0
  r=0.5, tsallis-5  | Err: 0.0174 | Cov: 1
  r=0.5, tsallis-10 | Err: 0.0104 | Cov: 1
  r=0.6, kl         | Err: nan | Cov: 0
  r=0.6, chi2       | Err: 6.2313 | Cov: 0
  r=0.6, tsallis-5  | Err: 0.0058 | Cov: 1
  r=0.6, tsallis-10 | Err: 0.0064 | Cov: 1
  r=0.7, kl         | Err: nan | Cov: 0
  r=0.7, chi2       | Err: 6.4217 | Cov: 0
  r=0.7, tsallis-5  | Err: 0.0019 | Cov: 1
  r=0.7, tsallis-10 | Err: 0.0157 | Cov: 1
  r=0.8, kl         | Err: nan | Cov: 0
  r=0.8, chi2       | Err: 6.4782 | Cov: 0
  r=0.8, tsallis-5  | Err: 0.0808 | Cov: 1
  r=0.8, tsallis-10 | Err: 0.0301 | Cov: 1
  r=0.9, kl         | Err: nan | Cov: 0
  r=0.9, chi2       | Err: 6.4872 | Cov: 0
  r=0.9, tsallis-5  | Err: 0.0822 | Cov: 1
  r=0.9, tsallis-10 | Err: 0.0032 | Cov: 1
  r=1.0, kl         | Err: nan | Cov: 0
  r=1.0, chi2       | Err: 6.4188 | Cov: 0
  r=1.0, tsallis-5  | Err: 0.0718 | Cov: 1
  r=1.0, tsallis-10 | Err: 0.0039 | Cov: 1

======== GPU REPORT ========

==============NVSMI LOG==============

Timestamp                                 : Wed Apr 29 22:16:58 2026
Driver Version                            : 580.95.05
CUDA Version                              : 13.0

Attached GPUs                             : 1
GPU 00000000:E1:00.0
    Accounting Mode                       : Enabled
    Accounting Mode Buffer Size           : 4000
    Accounted Processes
        Process ID                        : 2899988
            GPU Utilization               : 69 %
            Memory Utilization            : 59 %
            Max memory usage              : 37264 MiB
            Time                          : 22849 ms
            Is Running                    : 0

Wed Apr 29 22:16:58 2026       
+-----------------------------------------------------------------------------------------+
| NVIDIA-SMI 580.95.05              Driver Version: 580.95.05      CUDA Version: 13.0     |
+-----------------------------------------+------------------------+----------------------+
| GPU  Name                 Persistence-M | Bus-Id          Disp.A | Volatile Uncorr. ECC |
| Fan  Temp   Perf          Pwr:Usage/Cap |           Memory-Usage | GPU-Util  Compute M. |
|                                         |                        |               MIG M. |
|=========================================+========================+======================|
|   0  NVIDIA L40S                    On  |   00000000:E1:00.0 Off |                    0 |
| N/A   38C    P0            110W /  325W |       0MiB /  46068MiB |    100%      Default |
|                                         |                        |                  N/A |
+-----------------------------------------+------------------------+----------------------+

+-----------------------------------------------------------------------------------------+
| Processes:                                                                              |
|  GPU   GI   CI              PID   Type   Process name                        GPU Memory |
|        ID   ID                                                               Usage      |
|=========================================================================================|
|  No running processes found                                                             |
+-----------------------------------------------------------------------------------------+
