[=== Module anaconda/3 loaded ===]
=== Starting Section 6.2 | n=2000, seed=3 ===
Generating data...
Training Reward Estimator...
Training Green Density Estimator...
Evaluating Fenchel Duality Grid. Saving to ./results_sec_62/results_62_n2000_s3.csv...
  r=0.1, kl         | Err: 8.0567 | Cov: 0
  r=0.1, chi2       | Err: 5.4233 | Cov: 0
  r=0.1, tsallis-5  | Err: 0.0119 | Cov: 1
  r=0.1, tsallis-10 | Err: 0.0064 | Cov: 1
  r=0.2, kl         | Err: nan | Cov: 0
  r=0.2, chi2       | Err: 6.1910 | Cov: 0
  r=0.2, tsallis-5  | Err: 0.0037 | Cov: 1
  r=0.2, tsallis-10 | Err: 0.0107 | Cov: 1
  r=0.3, kl         | Err: nan | Cov: 0
  r=0.3, chi2       | Err: 6.8575 | Cov: 0
  r=0.3, tsallis-5  | Err: 0.0117 | Cov: 1
  r=0.3, tsallis-10 | Err: 0.0099 | Cov: 1
  r=0.4, kl         | Err: nan | Cov: 0
  r=0.4, chi2       | Err: 7.4189 | Cov: 0
  r=0.4, tsallis-5  | Err: 0.0162 | Cov: 1
  r=0.4, tsallis-10 | Err: 0.0246 | Cov: 0
  r=0.5, kl         | Err: nan | Cov: 0
  r=0.5, chi2       | Err: 7.8006 | Cov: 0
  r=0.5, tsallis-5  | Err: 0.0045 | Cov: 1
  r=0.5, tsallis-10 | Err: 0.0087 | Cov: 1
  r=0.6, kl         | Err: nan | Cov: 0
  r=0.6, chi2       | Err: 8.0878 | Cov: 0
  r=0.6, tsallis-5  | Err: 0.0324 | Cov: 1
  r=0.6, tsallis-10 | Err: 0.0213 | Cov: 1
  r=0.7, kl         | Err: nan | Cov: 0
  r=0.7, chi2       | Err: 8.1168 | Cov: 0
  r=0.7, tsallis-5  | Err: 0.0468 | Cov: 1
  r=0.7, tsallis-10 | Err: 0.0450 | Cov: 1
  r=0.8, kl         | Err: nan | Cov: 0
  r=0.8, chi2       | Err: 8.1230 | Cov: 0
  r=0.8, tsallis-5  | Err: 0.1352 | Cov: 1
  r=0.8, tsallis-10 | Err: 0.0113 | Cov: 1
  r=0.9, kl         | Err: nan | Cov: 0
  r=0.9, chi2       | Err: 8.1290 | Cov: 0
  r=0.9, tsallis-5  | Err: 0.1356 | Cov: 1
  r=0.9, tsallis-10 | Err: 0.0363 | Cov: 1
  r=1.0, kl         | Err: nan | Cov: 0
  r=1.0, chi2       | Err: 8.1296 | Cov: 0
  r=1.0, tsallis-5  | Err: 0.7509 | Cov: 1
  r=1.0, tsallis-10 | Err: 0.5647 | Cov: 1

======== GPU REPORT ========

==============NVSMI LOG==============

Timestamp                                 : Wed Apr 29 22:17:10 2026
Driver Version                            : 580.95.05
CUDA Version                              : 13.0

Attached GPUs                             : 1
GPU 00000000:C1:00.0
    Accounting Mode                       : Enabled
    Accounting Mode Buffer Size           : 4000
    Accounted Processes
        Process ID                        : 2206299
            GPU Utilization               : 77 %
            Memory Utilization            : 28 %
            Max memory usage              : 73964 MiB
            Time                          : 33809 ms
            Is Running                    : 0

Wed Apr 29 22:17:10 2026       
+-----------------------------------------------------------------------------------------+
| NVIDIA-SMI 580.95.05              Driver Version: 580.95.05      CUDA Version: 13.0     |
+-----------------------------------------+------------------------+----------------------+
| GPU  Name                 Persistence-M | Bus-Id          Disp.A | Volatile Uncorr. ECC |
| Fan  Temp   Perf          Pwr:Usage/Cap |           Memory-Usage | GPU-Util  Compute M. |
|                                         |                        |               MIG M. |
|=========================================+========================+======================|
|   0  NVIDIA A100-SXM4-80GB          On  |   00000000:C1:00.0 Off |                    0 |
| N/A   37C    P0            117W /  500W |       0MiB /  81920MiB |    100%      Default |
|                                         |                        |             Disabled |
+-----------------------------------------+------------------------+----------------------+

+-----------------------------------------------------------------------------------------+
| Processes:                                                                              |
|  GPU   GI   CI              PID   Type   Process name                        GPU Memory |
|        ID   ID                                                               Usage      |
|=========================================================================================|
|  No running processes found                                                             |
+-----------------------------------------------------------------------------------------+
