[=== Module anaconda/3 loaded ===]
=== Starting Section 6.2 | n=1000, seed=2 ===
Generating data...
Training Reward Estimator...
Training Green Density Estimator...
Evaluating Fenchel Duality Grid. Saving to ./results_sec_62/results_62_n1000_s2.csv...
  r=0.1, kl         | Err: 6.9618 | Cov: 0
  r=0.1, chi2       | Err: 4.5853 | Cov: 0
  r=0.1, tsallis-5  | Err: 0.0209 | Cov: 1
  r=0.1, tsallis-10 | Err: 0.0088 | Cov: 1
  r=0.2, kl         | Err: 7.0712 | Cov: 0
  r=0.2, chi2       | Err: 5.1251 | Cov: 0
  r=0.2, tsallis-5  | Err: 0.0445 | Cov: 1
  r=0.2, tsallis-10 | Err: 0.0180 | Cov: 1
  r=0.3, kl         | Err: nan | Cov: 0
  r=0.3, chi2       | Err: 5.6908 | Cov: 0
  r=0.3, tsallis-5  | Err: 0.0171 | Cov: 1
  r=0.3, tsallis-10 | Err: 0.0075 | Cov: 1
  r=0.4, kl         | Err: nan | Cov: 0
  r=0.4, chi2       | Err: 6.1516 | Cov: 0
  r=0.4, tsallis-5  | Err: 0.1391 | Cov: 1
  r=0.4, tsallis-10 | Err: 0.0066 | Cov: 1
  r=0.5, kl         | Err: nan | Cov: 0
  r=0.5, chi2       | Err: 6.5273 | Cov: 0
  r=0.5, tsallis-5  | Err: 0.0020 | Cov: 1
  r=0.5, tsallis-10 | Err: 0.0033 | Cov: 1
  r=0.6, kl         | Err: nan | Cov: 0
  r=0.6, chi2       | Err: 6.7699 | Cov: 0
  r=0.6, tsallis-5  | Err: 0.0004 | Cov: 1
  r=0.6, tsallis-10 | Err: 0.0333 | Cov: 1
  r=0.7, kl         | Err: nan | Cov: 0
  r=0.7, chi2       | Err: 6.9964 | Cov: 0
  r=0.7, tsallis-5  | Err: 0.0301 | Cov: 1
  r=0.7, tsallis-10 | Err: 0.0374 | Cov: 1
  r=0.8, kl         | Err: nan | Cov: 0
  r=0.8, chi2       | Err: 6.9650 | Cov: 0
  r=0.8, tsallis-5  | Err: 0.0035 | Cov: 1
  r=0.8, tsallis-10 | Err: 0.0272 | Cov: 1
  r=0.9, kl         | Err: nan | Cov: 0
  r=0.9, chi2       | Err: 7.0569 | Cov: 0
  r=0.9, tsallis-5  | Err: 0.1150 | Cov: 1
  r=0.9, tsallis-10 | Err: 0.0121 | Cov: 1
  r=1.0, kl         | Err: nan | Cov: 0
  r=1.0, chi2       | Err: 7.0230 | Cov: 0
  r=1.0, tsallis-5  | Err: 0.0755 | Cov: 1
  r=1.0, tsallis-10 | Err: 0.1877 | Cov: 1

======== GPU REPORT ========

==============NVSMI LOG==============

Timestamp                                 : Wed Apr 29 22:16:58 2026
Driver Version                            : 580.95.05
CUDA Version                              : 13.0

Attached GPUs                             : 1
GPU 00000000:4A:00.0
    Accounting Mode                       : Enabled
    Accounting Mode Buffer Size           : 4000
    Accounted Processes
        Process ID                        : 1223395
            GPU Utilization               : 69 %
            Memory Utilization            : 59 %
            Max memory usage              : 37264 MiB
            Time                          : 22933 ms
            Is Running                    : 0

Wed Apr 29 22:16:58 2026       
+-----------------------------------------------------------------------------------------+
| NVIDIA-SMI 580.95.05              Driver Version: 580.95.05      CUDA Version: 13.0     |
+-----------------------------------------+------------------------+----------------------+
| GPU  Name                 Persistence-M | Bus-Id          Disp.A | Volatile Uncorr. ECC |
| Fan  Temp   Perf          Pwr:Usage/Cap |           Memory-Usage | GPU-Util  Compute M. |
|                                         |                        |               MIG M. |
|=========================================+========================+======================|
|   0  NVIDIA L40S                    On  |   00000000:4A:00.0 Off |                    0 |
| N/A   44C    P0            107W /  325W |       0MiB /  46068MiB |    100%      Default |
|                                         |                        |                  N/A |
+-----------------------------------------+------------------------+----------------------+

+-----------------------------------------------------------------------------------------+
| Processes:                                                                              |
|  GPU   GI   CI              PID   Type   Process name                        GPU Memory |
|        ID   ID                                                               Usage      |
|=========================================================================================|
|  No running processes found                                                             |
+-----------------------------------------------------------------------------------------+
