[=== Module anaconda/3 loaded ===]
=== Starting Section 6.2 | n=500, seed=2 ===
Generating data...
Training Reward Estimator...
Training Green Density Estimator...
Evaluating Fenchel Duality Grid. Saving to ./results_sec_62/results_62_n500_s2.csv...
  r=0.1, kl         | Err: 5.8054 | Cov: 0
  r=0.1, chi2       | Err: 3.6862 | Cov: 0
  r=0.1, tsallis-5  | Err: 0.1253 | Cov: 1
  r=0.1, tsallis-10 | Err: 0.0328 | Cov: 1
  r=0.2, kl         | Err: 5.9346 | Cov: 0
  r=0.2, chi2       | Err: 4.1937 | Cov: 0
  r=0.2, tsallis-5  | Err: 0.0037 | Cov: 1
  r=0.2, tsallis-10 | Err: 0.0133 | Cov: 1
  r=0.3, kl         | Err: 6.0573 | Cov: 0
  r=0.3, chi2       | Err: 4.6420 | Cov: 0
  r=0.3, tsallis-5  | Err: 0.0116 | Cov: 1
  r=0.3, tsallis-10 | Err: 0.0038 | Cov: 1
  r=0.4, kl         | Err: nan | Cov: 0
  r=0.4, chi2       | Err: 5.0220 | Cov: 0
  r=0.4, tsallis-5  | Err: 0.0006 | Cov: 1
  r=0.4, tsallis-10 | Err: 0.0200 | Cov: 1
  r=0.5, kl         | Err: nan | Cov: 0
  r=0.5, chi2       | Err: 5.3604 | Cov: 0
  r=0.5, tsallis-5  | Err: 0.0105 | Cov: 1
  r=0.5, tsallis-10 | Err: 0.0065 | Cov: 1
  r=0.6, kl         | Err: nan | Cov: 0
  r=0.6, chi2       | Err: 5.6003 | Cov: 0
  r=0.6, tsallis-5  | Err: 0.0266 | Cov: 1
  r=0.6, tsallis-10 | Err: 0.0378 | Cov: 1
  r=0.7, kl         | Err: nan | Cov: 0
  r=0.7, chi2       | Err: 5.8738 | Cov: 0
  r=0.7, tsallis-5  | Err: 0.0140 | Cov: 1
  r=0.7, tsallis-10 | Err: 0.0187 | Cov: 1
  r=0.8, kl         | Err: nan | Cov: 0
  r=0.8, chi2       | Err: 5.7687 | Cov: 0
  r=0.8, tsallis-5  | Err: 0.0124 | Cov: 1
  r=0.8, tsallis-10 | Err: 0.0154 | Cov: 1
  r=0.9, kl         | Err: nan | Cov: 0
  r=0.9, chi2       | Err: 5.9492 | Cov: 0
  r=0.9, tsallis-5  | Err: 0.0189 | Cov: 1
  r=0.9, tsallis-10 | Err: 0.0100 | Cov: 1
  r=1.0, kl         | Err: nan | Cov: 0
  r=1.0, chi2       | Err: 5.9561 | Cov: 0
  r=1.0, tsallis-5  | Err: 0.0662 | Cov: 1
  r=1.0, tsallis-10 | Err: 0.0097 | Cov: 1

======== GPU REPORT ========

==============NVSMI LOG==============

Timestamp                                 : Wed Apr 29 22:15:51 2026
Driver Version                            : 580.95.05
CUDA Version                              : 13.0

Attached GPUs                             : 1
GPU 00000000:81:00.0
    Accounting Mode                       : Enabled
    Accounting Mode Buffer Size           : 4000
    Accounted Processes
        Process ID                        : 2205646
            GPU Utilization               : 50 %
            Memory Utilization            : 17 %
            Max memory usage              : 18906 MiB
            Time                          : 13463 ms
            Is Running                    : 0

Wed Apr 29 22:15:51 2026       
+-----------------------------------------------------------------------------------------+
| NVIDIA-SMI 580.95.05              Driver Version: 580.95.05      CUDA Version: 13.0     |
+-----------------------------------------+------------------------+----------------------+
| GPU  Name                 Persistence-M | Bus-Id          Disp.A | Volatile Uncorr. ECC |
| Fan  Temp   Perf          Pwr:Usage/Cap |           Memory-Usage | GPU-Util  Compute M. |
|                                         |                        |               MIG M. |
|=========================================+========================+======================|
|   0  NVIDIA A100-SXM4-80GB          On  |   00000000:81:00.0 Off |                    0 |
| N/A   42C    P0            119W /  500W |       0MiB /  81920MiB |     38%      Default |
|                                         |                        |             Disabled |
+-----------------------------------------+------------------------+----------------------+

+-----------------------------------------------------------------------------------------+
| Processes:                                                                              |
|  GPU   GI   CI              PID   Type   Process name                        GPU Memory |
|        ID   ID                                                               Usage      |
|=========================================================================================|
|  No running processes found                                                             |
+-----------------------------------------------------------------------------------------+
