[=== Module anaconda/3 loaded ===]
=== Starting Section 6.2 | n=500, seed=8 ===
Generating data...
Training Reward Estimator...
Training Green Density Estimator...
Evaluating Fenchel Duality Grid. Saving to ./results_sec_62/results_62_n500_s8.csv...
  r=0.1, kl         | Err: 5.9968 | Cov: 0
  r=0.1, chi2       | Err: 3.7511 | Cov: 0
  r=0.1, tsallis-5  | Err: 0.0067 | Cov: 1
  r=0.1, tsallis-10 | Err: 0.0233 | Cov: 1
  r=0.2, kl         | Err: 6.0567 | Cov: 0
  r=0.2, chi2       | Err: 4.2338 | Cov: 0
  r=0.2, tsallis-5  | Err: 0.0072 | Cov: 1
  r=0.2, tsallis-10 | Err: 0.0073 | Cov: 1
  r=0.3, kl         | Err: nan | Cov: 0
  r=0.3, chi2       | Err: 4.7287 | Cov: 0
  r=0.3, tsallis-5  | Err: 0.0052 | Cov: 1
  r=0.3, tsallis-10 | Err: 0.0068 | Cov: 1
  r=0.4, kl         | Err: nan | Cov: 0
  r=0.4, chi2       | Err: 5.1898 | Cov: 0
  r=0.4, tsallis-5  | Err: 0.0132 | Cov: 1
  r=0.4, tsallis-10 | Err: 0.0015 | Cov: 1
  r=0.5, kl         | Err: nan | Cov: 0
  r=0.5, chi2       | Err: 5.4685 | Cov: 0
  r=0.5, tsallis-5  | Err: 0.0024 | Cov: 1
  r=0.5, tsallis-10 | Err: 0.0153 | Cov: 1
  r=0.6, kl         | Err: nan | Cov: 0
  r=0.6, chi2       | Err: 5.7467 | Cov: 0
  r=0.6, tsallis-5  | Err: 0.0100 | Cov: 1
  r=0.6, tsallis-10 | Err: 0.0088 | Cov: 1
  r=0.7, kl         | Err: nan | Cov: 0
  r=0.7, chi2       | Err: 5.9425 | Cov: 0
  r=0.7, tsallis-5  | Err: 0.0092 | Cov: 1
  r=0.7, tsallis-10 | Err: 0.0059 | Cov: 1
  r=0.8, kl         | Err: nan | Cov: 0
  r=0.8, chi2       | Err: 6.1093 | Cov: 0
  r=0.8, tsallis-5  | Err: 0.0179 | Cov: 1
  r=0.8, tsallis-10 | Err: 0.0345 | Cov: 1
  r=0.9, kl         | Err: nan | Cov: 0
  r=0.9, chi2       | Err: 6.0879 | Cov: 0
  r=0.9, tsallis-5  | Err: 0.0002 | Cov: 1
  r=0.9, tsallis-10 | Err: 0.0469 | Cov: 1
  r=1.0, kl         | Err: nan | Cov: 0
  r=1.0, chi2       | Err: 6.0694 | Cov: 0
  r=1.0, tsallis-5  | Err: 0.1002 | Cov: 1
  r=1.0, tsallis-10 | Err: 0.1525 | Cov: 1

======== GPU REPORT ========

==============NVSMI LOG==============

Timestamp                                 : Wed Apr 29 22:15:52 2026
Driver Version                            : 580.95.05
CUDA Version                              : 13.0

Attached GPUs                             : 1
GPU 00000000:47:00.0
    Accounting Mode                       : Enabled
    Accounting Mode Buffer Size           : 4000
    Accounted Processes
        Process ID                        : 1136306
            GPU Utilization               : 49 %
            Memory Utilization            : 21 %
            Max memory usage              : 18906 MiB
            Time                          : 14422 ms
            Is Running                    : 0

Wed Apr 29 22:15:52 2026       
+-----------------------------------------------------------------------------------------+
| NVIDIA-SMI 580.95.05              Driver Version: 580.95.05      CUDA Version: 13.0     |
+-----------------------------------------+------------------------+----------------------+
| GPU  Name                 Persistence-M | Bus-Id          Disp.A | Volatile Uncorr. ECC |
| Fan  Temp   Perf          Pwr:Usage/Cap |           Memory-Usage | GPU-Util  Compute M. |
|                                         |                        |               MIG M. |
|=========================================+========================+======================|
|   0  NVIDIA A100-SXM4-40GB          On  |   00000000:47:00.0 Off |                    0 |
| N/A   34C    P0            111W /  400W |       0MiB /  40960MiB |      0%      Default |
|                                         |                        |             Disabled |
+-----------------------------------------+------------------------+----------------------+

+-----------------------------------------------------------------------------------------+
| Processes:                                                                              |
|  GPU   GI   CI              PID   Type   Process name                        GPU Memory |
|        ID   ID                                                               Usage      |
|=========================================================================================|
|  No running processes found                                                             |
+-----------------------------------------------------------------------------------------+
