[=== Module anaconda/3 loaded ===]
=== Starting Section 6.2 | n=500, seed=1 ===
Generating data...
Training Reward Estimator...
Training Green Density Estimator...
Evaluating Fenchel Duality Grid. Saving to ./results_sec_62/results_62_n500_s1.csv...
  r=0.1, kl         | Err: 5.5861 | Cov: 0
  r=0.1, chi2       | Err: 3.5691 | Cov: 0
  r=0.1, tsallis-5  | Err: 0.0024 | Cov: 1
  r=0.1, tsallis-10 | Err: 0.0116 | Cov: 1
  r=0.2, kl         | Err: 5.8184 | Cov: 0
  r=0.2, chi2       | Err: 4.0359 | Cov: 0
  r=0.2, tsallis-5  | Err: 0.0060 | Cov: 1
  r=0.2, tsallis-10 | Err: 0.0029 | Cov: 1
  r=0.3, kl         | Err: 5.7274 | Cov: 0
  r=0.3, chi2       | Err: 4.4723 | Cov: 0
  r=0.3, tsallis-5  | Err: 0.0185 | Cov: 0
  r=0.3, tsallis-10 | Err: 0.0075 | Cov: 1
  r=0.4, kl         | Err: nan | Cov: 0
  r=0.4, chi2       | Err: 4.8117 | Cov: 0
  r=0.4, tsallis-5  | Err: 0.0141 | Cov: 1
  r=0.4, tsallis-10 | Err: 0.0000 | Cov: 1
  r=0.5, kl         | Err: nan | Cov: 0
  r=0.5, chi2       | Err: 5.1596 | Cov: 0
  r=0.5, tsallis-5  | Err: 0.0220 | Cov: 1
  r=0.5, tsallis-10 | Err: 0.0045 | Cov: 1
  r=0.6, kl         | Err: nan | Cov: 0
  r=0.6, chi2       | Err: 5.3713 | Cov: 0
  r=0.6, tsallis-5  | Err: 0.0133 | Cov: 1
  r=0.6, tsallis-10 | Err: 0.0336 | Cov: 0
  r=0.7, kl         | Err: nan | Cov: 0
  r=0.7, chi2       | Err: 5.6193 | Cov: 0
  r=0.7, tsallis-5  | Err: 0.0090 | Cov: 1
  r=0.7, tsallis-10 | Err: 0.0066 | Cov: 1
  r=0.8, kl         | Err: nan | Cov: 0
  r=0.8, chi2       | Err: 5.6388 | Cov: 0
  r=0.8, tsallis-5  | Err: 0.0063 | Cov: 1
  r=0.8, tsallis-10 | Err: 0.0180 | Cov: 1
  r=0.9, kl         | Err: nan | Cov: 0
  r=0.9, chi2       | Err: 5.7595 | Cov: 0
  r=0.9, tsallis-5  | Err: 0.0386 | Cov: 1
  r=0.9, tsallis-10 | Err: 0.0259 | Cov: 1
  r=1.0, kl         | Err: nan | Cov: 0
  r=1.0, chi2       | Err: 5.6320 | Cov: 0
  r=1.0, tsallis-5  | Err: 0.0643 | Cov: 1
  r=1.0, tsallis-10 | Err: 0.1165 | Cov: 1

======== GPU REPORT ========

==============NVSMI LOG==============

Timestamp                                 : Wed Apr 29 22:15:51 2026
Driver Version                            : 580.95.05
CUDA Version                              : 13.0

Attached GPUs                             : 1
GPU 00000000:01:00.0
    Accounting Mode                       : Enabled
    Accounting Mode Buffer Size           : 4000
    Accounted Processes
        Process ID                        : 615485
            GPU Utilization               : 54 %
            Memory Utilization            : 19 %
            Max memory usage              : 18906 MiB
            Time                          : 13547 ms
            Is Running                    : 0

Wed Apr 29 22:15:51 2026       
+-----------------------------------------------------------------------------------------+
| NVIDIA-SMI 580.95.05              Driver Version: 580.95.05      CUDA Version: 13.0     |
+-----------------------------------------+------------------------+----------------------+
| GPU  Name                 Persistence-M | Bus-Id          Disp.A | Volatile Uncorr. ECC |
| Fan  Temp   Perf          Pwr:Usage/Cap |           Memory-Usage | GPU-Util  Compute M. |
|                                         |                        |               MIG M. |
|=========================================+========================+======================|
|   0  NVIDIA A100-SXM4-80GB          On  |   00000000:01:00.0 Off |                    0 |
| N/A   39C    P0            118W /  500W |       0MiB /  81920MiB |     82%      Default |
|                                         |                        |             Disabled |
+-----------------------------------------+------------------------+----------------------+

+-----------------------------------------------------------------------------------------+
| Processes:                                                                              |
|  GPU   GI   CI              PID   Type   Process name                        GPU Memory |
|        ID   ID                                                               Usage      |
|=========================================================================================|
|  No running processes found                                                             |
+-----------------------------------------------------------------------------------------+
